app/build/outputs/logs/manifest-merger-release-report.txt
-- Merging decision tree log ---
manifest
ADDED from AndroidManifest.xml:2:1
	xmlns:android
		ADDED from AndroidManifest.xml:2:11
	package
		ADDED from AndroidManifest.xml:3:5
		INJECTED from AndroidManifest.xml:0:0
		INJECTED from AndroidManifest.xml:0:0
	android:versionName
		ADDED from AndroidManifest.xml:5:5
	android:versionCode
		ADDED from AndroidManifest.xml:4:5
		INJECTED from AndroidManifest.xml:0:0
		INJECTED from AndroidManifest.xml:0:0
uses-sdk
ADDED from AndroidManifest.xml:7:5
MERGED from com.android.support:support-v4:21.0.3:15:5
	android:targetSdkVersion
		ADDED from AndroidManifest.xml:9:9
		INJECTED from AndroidManifest.xml:0:0
		INJECTED from AndroidManifest.xml:0:0
	android:minSdkVersion
		ADDED from AndroidManifest.xml:8:9
		INJECTED from AndroidManifest.xml:0:0
		INJECTED from AndroidManifest.xml:0:0
uses-permission#android.permission.INTERNET
ADDED from AndroidManifest.xml:11:5
	android:name
		ADDED from AndroidManifest.xml:11:22
uses-permission#android.permission.ACCESS_NETWORK_STATE
ADDED from AndroidManifest.xml:12:5
	android:name
		ADDED from AndroidManifest.xml:12:22
uses-permission#android.permission.READ_PHONE_STATE
ADDED from AndroidManifest.xml:13:5
	android:name
		ADDED from AndroidManifest.xml:13:22
uses-permission#android.permission.ACCESS_WIFI_STATE
ADDED from AndroidManifest.xml:14:5
	android:name
		ADDED from AndroidManifest.xml:14:22
uses-permission#android.permission.GET_ACCOUNTS
ADDED from AndroidManifest.xml:15:5
	android:name
		ADDED from AndroidManifest.xml:15:22
uses-permission#android.permission.USE_CREDENTIALS
ADDED from AndroidManifest.xml:16:5
	android:name
		ADDED from AndroidManifest.xml:16:22
uses-permission#android.permission.MANAGE_ACCOUNTS
ADDED from AndroidManifest.xml:17:5
	android:name
		ADDED from AndroidManifest.xml:17:22
uses-permission#android.permission.SEND_SMS
ADDED from AndroidManifest.xml:18:5
	android:name
		ADDED from AndroidManifest.xml:18:22
uses-permission#com.xiaomi.permission.SEND_PUSH
ADDED from AndroidManifest.xml:19:5
	android:name
		ADDED from AndroidManifest.xml:19:22
uses-permission#android.permission.WRITE_EXTERNAL_STORAGE
ADDED from AndroidManifest.xml:20:5
	android:name
		ADDED from AndroidManifest.xml:20:22
uses-permission#android.permission.VIBRATE
ADDED from AndroidManifest.xml:21:5
	android:name
		ADDED from AndroidManifest.xml:21:22
uses-permission#android.permission.CAMERA
ADDED from AndroidManifest.xml:22:5
	android:name
		ADDED from AndroidManifest.xml:22:22
uses-permission#android.permission.READ_SYNC_SETTINGS
ADDED from AndroidManifest.xml:23:5
	android:name
		ADDED from AndroidManifest.xml:23:22
uses-permission#android.permission.READ_SYNC_STATS
ADDED from AndroidManifest.xml:24:5
	android:name
		ADDED from AndroidManifest.xml:24:22
uses-permission#android.permission.WRITE_SYNC_SETTINGS
ADDED from AndroidManifest.xml:25:5
	android:name
		ADDED from AndroidManifest.xml:25:22
uses-permission#android.permission.WRITE_SETTINGS
ADDED from AndroidManifest.xml:26:5
	android:name
		ADDED from AndroidManifest.xml:26:22
uses-permission#android.permission.ACCESS_FINE_LOCATION
ADDED from AndroidManifest.xml:27:5
	android:name
		ADDED from AndroidManifest.xml:27:22
uses-permission#android.permission.CHANGE_WIFI_STATE
ADDED from AndroidManifest.xml:28:5
	android:name
		ADDED from AndroidManifest.xml:28:22
uses-permission#android.permission.MOUNT_UNMOUNT_FILESYSTEMS
ADDED from AndroidManifest.xml:30:5
	android:name
		ADDED from AndroidManifest.xml:30:22
uses-permission#android.permission.READ_LOGS
ADDED from AndroidManifest.xml:31:5
	android:name
		ADDED from AndroidManifest.xml:31:22
uses-permission#android.permission.FLASHLIGHT
ADDED from AndroidManifest.xml:32:5
	android:name
		ADDED from AndroidManifest.xml:32:22
uses-permission#android.permission.BLUETOOTH
ADDED from AndroidManifest.xml:33:5
	android:name
		ADDED from AndroidManifest.xml:33:22
uses-permission#android.permission.BLUETOOTH_ADMIN
ADDED from AndroidManifest.xml:34:5
	android:name
		ADDED from AndroidManifest.xml:34:22
uses-permission#android.permission.NFC
ADDED from AndroidManifest.xml:35:5
	android:name
		ADDED from AndroidManifest.xml:35:22
uses-feature#android.hardware.camera
ADDED from AndroidManifest.xml:37:5
	android:required
		ADDED from AndroidManifest.xml:39:9
	android:name
		ADDED from AndroidManifest.xml:38:9
uses-feature#android.hardware.camera.front
ADDED from AndroidManifest.xml:40:5
	android:required
		ADDED from AndroidManifest.xml:42:9
	android:name
		ADDED from AndroidManifest.xml:41:9
uses-feature#android.hardware.camera.autofocus
ADDED from AndroidManifest.xml:43:5
	android:required
		ADDED from AndroidManifest.xml:45:9
	android:name
		ADDED from AndroidManifest.xml:44:9
uses-feature#android.hardware.camera.flash
ADDED from AndroidManifest.xml:46:5
	android:required
		ADDED from AndroidManifest.xml:48:9
	android:name
		ADDED from AndroidManifest.xml:47:9
uses-feature#android.hardware.nfc
ADDED from AndroidManifest.xml:49:5
	android:required
		ADDED from AndroidManifest.xml:51:9
	android:name
		ADDED from AndroidManifest.xml:50:9
application
ADDED from AndroidManifest.xml:53:5
MERGED from com.android.support:support-v4:21.0.3:16:5
	android:label
		ADDED from AndroidManifest.xml:56:9
	android:icon
		ADDED from AndroidManifest.xml:55:9
	android:theme
		ADDED from AndroidManifest.xml:57:9
	android:name
		ADDED from AndroidManifest.xml:54:9
activity#com.xiaomi.xms.sales.activity.MainTabActivity
ADDED from AndroidManifest.xml:58:9
	android:screenOrientation
		ADDED from AndroidManifest.xml:61:13
	android:configChanges
		ADDED from AndroidManifest.xml:60:13
	android:name
		ADDED from AndroidManifest.xml:59:13
intent-filter#android.intent.action.MAIN+android.intent.category.LAUNCHER
ADDED from AndroidManifest.xml:62:13
action#android.intent.action.MAIN
ADDED from AndroidManifest.xml:63:17
	android:name
		ADDED from AndroidManifest.xml:63:25
category#android.intent.category.LAUNCHER
ADDED from AndroidManifest.xml:65:17
	android:name
		ADDED from AndroidManifest.xml:65:27
intent-filter#android.intent.action.VIEW+android.intent.category.BROWSABLE+android.intent.category.DEFAULT
ADDED from AndroidManifest.xml:67:13
action#android.intent.action.VIEW
ADDED from AndroidManifest.xml:68:17
	android:name
		ADDED from AndroidManifest.xml:68:25
category#android.intent.category.DEFAULT
ADDED from AndroidManifest.xml:70:17
	android:name
		ADDED from AndroidManifest.xml:70:27
category#android.intent.category.BROWSABLE
ADDED from AndroidManifest.xml:71:17
	android:name
		ADDED from AndroidManifest.xml:71:27
data
ADDED from AndroidManifest.xml:73:17
	android:host
		ADDED from AndroidManifest.xml:74:21
	android:pathPrefix
		ADDED from AndroidManifest.xml:75:21
	android:scheme
		ADDED from AndroidManifest.xml:76:21
activity#com.xiaomi.xms.sales.activity.MainActivity
ADDED from AndroidManifest.xml:79:9
	android:configChanges
		ADDED from AndroidManifest.xml:81:13
	android:name
		ADDED from AndroidManifest.xml:80:13
	android:launchMode
		ADDED from AndroidManifest.xml:82:13
intent-filter#android.intent.category.DEFAULT+com.xiaomi.xms.sales.show_activity
ADDED from AndroidManifest.xml:83:13
action#com.xiaomi.xms.sales.show_activity
ADDED from AndroidManifest.xml:84:17
	android:name
		ADDED from AndroidManifest.xml:84:25
activity#com.xiaomi.xms.sales.activity.ICUTestActivity
ADDED from AndroidManifest.xml:89:9
	android:screenOrientation
		ADDED from AndroidManifest.xml:92:13
	android:configChanges
		ADDED from AndroidManifest.xml:91:13
	android:name
		ADDED from AndroidManifest.xml:90:13
activity#com.xiaomi.xms.sales.activity.SettingActivity
ADDED from AndroidManifest.xml:93:9
	android:screenOrientation
		ADDED from AndroidManifest.xml:96:13
	android:configChanges
		ADDED from AndroidManifest.xml:95:13
	android:name
		ADDED from AndroidManifest.xml:94:13
activity#com.xiaomi.xms.sales.activity.IcuHistoryActivity
ADDED from AndroidManifest.xml:97:9
	android:screenOrientation
		ADDED from AndroidManifest.xml:100:13
	android:configChanges
		ADDED from AndroidManifest.xml:99:13
	android:name
		ADDED from AndroidManifest.xml:98:13
activity#com.xiaomi.xms.sales.activity.RiskMainActivity
ADDED from AndroidManifest.xml:101:9
	android:screenOrientation
		ADDED from AndroidManifest.xml:104:13
	android:configChanges
		ADDED from AndroidManifest.xml:103:13
	android:name
		ADDED from AndroidManifest.xml:102:13
activity#com.xiaomi.xms.sales.activity.AttentionTestActivity
ADDED from AndroidManifest.xml:105:10
	android:screenOrientation
		ADDED from AndroidManifest.xml:108:13
	android:configChanges
		ADDED from AndroidManifest.xml:107:13
	android:name
		ADDED from AndroidManifest.xml:106:13
activity#com.xiaomi.xms.sales.activity.IcuActionActivity
ADDED from AndroidManifest.xml:109:10
	android:screenOrientation
		ADDED from AndroidManifest.xml:112:13
	android:configChanges
		ADDED from AndroidManifest.xml:111:13
	android:name
		ADDED from AndroidManifest.xml:110:13
activity#com.xiaomi.xms.sales.activity.CAMICUAttentionTestActivity
ADDED from AndroidManifest.xml:113:10
	android:screenOrientation
		ADDED from AndroidManifest.xml:116:13
	android:configChanges
		ADDED from AndroidManifest.xml:115:13
	android:name
		ADDED from AndroidManifest.xml:114:13
activity#com.xiaomi.xms.sales.activity.TransparentActivity
ADDED from AndroidManifest.xml:117:9
	android:screenOrientation
		ADDED from AndroidManifest.xml:121:13
	android:configChanges
		ADDED from AndroidManifest.xml:120:13
	android:theme
		ADDED from AndroidManifest.xml:119:13
	android:name
		ADDED from AndroidManifest.xml:118:13
activity#com.xiaomi.xms.sales.activity.CAMICUThinkingTestActivity
ADDED from AndroidManifest.xml:123:9
	android:screenOrientation
		ADDED from AndroidManifest.xml:126:13
	android:configChanges
		ADDED from AndroidManifest.xml:125:13
	android:name
		ADDED from AndroidManifest.xml:124:13
activity#com.xiaomi.xms.sales.activity.CAMICUMainTestActivity
ADDED from AndroidManifest.xml:127:10
	android:screenOrientation
		ADDED from AndroidManifest.xml:130:13
	android:configChanges
		ADDED from AndroidManifest.xml:129:13
	android:name
		ADDED from AndroidManifest.xml:128:13
activity#com.xiaomi.xms.sales.activity.PaymentActivity
ADDED from AndroidManifest.xml:131:9
	android:screenOrientation
		ADDED from AndroidManifest.xml:134:13
	android:configChanges
		ADDED from AndroidManifest.xml:133:13
	android:theme
		ADDED from AndroidManifest.xml:135:13
	android:name
		ADDED from AndroidManifest.xml:132:13
activity#com.xiaomi.xms.sales.activity.ProductDetailsActivity
ADDED from AndroidManifest.xml:136:9
	android:screenOrientation
		ADDED from AndroidManifest.xml:139:13
	android:configChanges
		ADDED from AndroidManifest.xml:138:13
	android:name
		ADDED from AndroidManifest.xml:137:13
activity#com.xiaomi.xms.sales.activity.ProductActivity
ADDED from AndroidManifest.xml:140:9
	android:screenOrientation
		ADDED from AndroidManifest.xml:143:13
	android:configChanges
		ADDED from AndroidManifest.xml:142:13
	android:name
		ADDED from AndroidManifest.xml:141:13
activity#com.xiaomi.xms.sales.activity.ShoppingActivity
ADDED from AndroidManifest.xml:144:9
	android:screenOrientation
		ADDED from AndroidManifest.xml:147:13
	android:configChanges
		ADDED from AndroidManifest.xml:146:13
	android:name
		ADDED from AndroidManifest.xml:145:13
activity#com.xiaomi.xms.sales.activity.CampaignActivity
ADDED from AndroidManifest.xml:148:9
	android:screenOrientation
		ADDED from AndroidManifest.xml:151:13
	android:configChanges
		ADDED from AndroidManifest.xml:150:13
	android:theme
		ADDED from AndroidManifest.xml:152:13
	android:name
		ADDED from AndroidManifest.xml:149:13
activity#com.xiaomi.xms.sales.xmsf.account.ui.LoginActivity
ADDED from AndroidManifest.xml:153:9
	android:windowSoftInputMode
		ADDED from AndroidManifest.xml:157:13
	android:screenOrientation
		ADDED from AndroidManifest.xml:156:13
	android:configChanges
		ADDED from AndroidManifest.xml:155:13
	android:name
		ADDED from AndroidManifest.xml:154:13
activity#com.xiaomi.xms.sales.xmsf.account.ui.RegisterAccountActivity
ADDED from AndroidManifest.xml:158:9
	android:screenOrientation
		ADDED from AndroidManifest.xml:161:13
	android:configChanges
		ADDED from AndroidManifest.xml:160:13
	android:name
		ADDED from AndroidManifest.xml:159:13
activity#com.xiaomi.xms.sales.activity.OrderListActivity
ADDED from AndroidManifest.xml:162:9
	android:screenOrientation
		ADDED from AndroidManifest.xml:165:13
	android:configChanges
		ADDED from AndroidManifest.xml:164:13
	android:name
		ADDED from AndroidManifest.xml:163:13
activity#com.xiaomi.xms.sales.activity.AddressActivity
ADDED from AndroidManifest.xml:166:9
	android:windowSoftInputMode
		ADDED from AndroidManifest.xml:170:13
	android:screenOrientation
		ADDED from AndroidManifest.xml:169:13
	android:configChanges
		ADDED from AndroidManifest.xml:168:13
	android:name
		ADDED from AndroidManifest.xml:167:13
activity#com.xiaomi.xms.sales.activity.FullScreenImageActivity
ADDED from AndroidManifest.xml:171:9
	android:configChanges
		ADDED from AndroidManifest.xml:173:13
	android:theme
		ADDED from AndroidManifest.xml:174:13
	android:name
		ADDED from AndroidManifest.xml:172:13
activity#com.xiaomi.xms.sales.activity.FCodeActivity
ADDED from AndroidManifest.xml:175:9
	android:windowSoftInputMode
		ADDED from AndroidManifest.xml:179:13
	android:screenOrientation
		ADDED from AndroidManifest.xml:178:13
	android:configChanges
		ADDED from AndroidManifest.xml:177:13
	android:name
		ADDED from AndroidManifest.xml:176:13
activity#com.xiaomi.xms.sales.activity.ComboActivity
ADDED from AndroidManifest.xml:180:9
	android:screenOrientation
		ADDED from AndroidManifest.xml:183:13
	android:configChanges
		ADDED from AndroidManifest.xml:182:13
	android:name
		ADDED from AndroidManifest.xml:181:13
activity#com.xiaomi.xms.sales.activity.OrderEditActivity
ADDED from AndroidManifest.xml:184:9
	android:screenOrientation
		ADDED from AndroidManifest.xml:187:13
	android:configChanges
		ADDED from AndroidManifest.xml:186:13
	android:name
		ADDED from AndroidManifest.xml:185:13
activity#com.xiaomi.xms.sales.activity.MessageCheckActivity
ADDED from AndroidManifest.xml:188:9
	android:screenOrientation
		ADDED from AndroidManifest.xml:191:13
	android:configChanges
		ADDED from AndroidManifest.xml:190:13
	android:name
		ADDED from AndroidManifest.xml:189:13
activity#com.xiaomi.xms.sales.zxing.ScannerActivity
ADDED from AndroidManifest.xml:192:9
	android:windowSoftInputMode
		ADDED from AndroidManifest.xml:197:13
	android:screenOrientation
		ADDED from AndroidManifest.xml:195:13
	android:configChanges
		ADDED from AndroidManifest.xml:194:13
	android:stateNotNeeded
		ADDED from AndroidManifest.xml:196:13
	android:name
		ADDED from AndroidManifest.xml:193:13
activity#com.xiaomi.xms.sales.activity.MiHomeBuyActivity
ADDED from AndroidManifest.xml:198:9
	android:screenOrientation
		ADDED from AndroidManifest.xml:201:13
	android:configChanges
		ADDED from AndroidManifest.xml:200:13
	android:name
		ADDED from AndroidManifest.xml:199:13
activity#com.xiaomi.xms.sales.activity.SearchResultActivity
ADDED from AndroidManifest.xml:202:9
	android:screenOrientation
		ADDED from AndroidManifest.xml:205:13
	android:configChanges
		ADDED from AndroidManifest.xml:204:13
	android:name
		ADDED from AndroidManifest.xml:203:13
activity#com.xiaomi.xms.sales.activity.SaleOutRegisterActivity
ADDED from AndroidManifest.xml:206:9
	android:screenOrientation
		ADDED from AndroidManifest.xml:209:13
	android:configChanges
		ADDED from AndroidManifest.xml:208:13
	android:name
		ADDED from AndroidManifest.xml:207:13
activity#com.xiaomi.xms.sales.activity.SecondCategoryActivity
ADDED from AndroidManifest.xml:210:9
	android:screenOrientation
		ADDED from AndroidManifest.xml:213:13
	android:configChanges
		ADDED from AndroidManifest.xml:212:13
	android:name
		ADDED from AndroidManifest.xml:211:13
activity#com.xiaomi.xms.sales.activity.XianhuoOrderActivity
ADDED from AndroidManifest.xml:215:9
	android:screenOrientation
		ADDED from AndroidManifest.xml:218:13
	android:configChanges
		ADDED from AndroidManifest.xml:217:13
	android:name
		ADDED from AndroidManifest.xml:216:13
activity#com.xiaomi.xms.sales.activity.SameDayReturnActivity
ADDED from AndroidManifest.xml:220:9
	android:screenOrientation
		ADDED from AndroidManifest.xml:223:13
	android:configChanges
		ADDED from AndroidManifest.xml:222:13
	android:name
		ADDED from AndroidManifest.xml:221:13
activity#com.xiaomi.xms.sales.activity.SameDayExchangeActivity
ADDED from AndroidManifest.xml:225:9
	android:screenOrientation
		ADDED from AndroidManifest.xml:228:13
	android:configChanges
		ADDED from AndroidManifest.xml:227:13
	android:name
		ADDED from AndroidManifest.xml:226:13
activity#com.xiaomi.xms.sales.activity.ICUMainActivity
ADDED from AndroidManifest.xml:230:9
	android:screenOrientation
		ADDED from AndroidManifest.xml:233:13
	android:configChanges
		ADDED from AndroidManifest.xml:232:13
	android:name
		ADDED from AndroidManifest.xml:231:13
activity#com.xiaomi.xms.sales.activity.XiaohuoProductDetailActivity
ADDED from AndroidManifest.xml:235:9
	android:screenOrientation
		ADDED from AndroidManifest.xml:238:13
	android:configChanges
		ADDED from AndroidManifest.xml:237:13
	android:name
		ADDED from AndroidManifest.xml:236:13
activity#com.xiaomi.xms.sales.activity.SavePrinterActivity
ADDED from AndroidManifest.xml:240:9
	android:screenOrientation
		ADDED from AndroidManifest.xml:243:13
	android:configChanges
		ADDED from AndroidManifest.xml:242:13
	android:name
		ADDED from AndroidManifest.xml:241:13
activity#com.xiaomi.xms.sales.activity.NetworkErrorActivity
ADDED from AndroidManifest.xml:245:9
	android:screenOrientation
		ADDED from AndroidManifest.xml:248:13
	android:configChanges
		ADDED from AndroidManifest.xml:247:13
	android:name
		ADDED from AndroidManifest.xml:246:13
activity#com.xiaomi.xms.sales.nfc.NfcActivity
ADDED from AndroidManifest.xml:250:9
	android:screenOrientation
		ADDED from AndroidManifest.xml:254:13
	android:configChanges
		ADDED from AndroidManifest.xml:252:13
	android:theme
		ADDED from AndroidManifest.xml:255:13
	android:name
		ADDED from AndroidManifest.xml:251:13
	android:launchMode
		ADDED from AndroidManifest.xml:253:13
intent-filter#android.nfc.action.TECH_DISCOVERED
ADDED from AndroidManifest.xml:256:13
action#android.nfc.action.TECH_DISCOVERED
ADDED from AndroidManifest.xml:257:17
	android:name
		ADDED from AndroidManifest.xml:257:25
meta-data#android.nfc.action.TECH_DISCOVERED
ADDED from AndroidManifest.xml:260:13
	android:resource
		ADDED from AndroidManifest.xml:262:17
	android:name
		ADDED from AndroidManifest.xml:261:17
intent-filter#android.intent.category.DEFAULT+android.nfc.action.TAG_DISCOVERED
ADDED from AndroidManifest.xml:264:13
action#android.nfc.action.TAG_DISCOVERED
ADDED from AndroidManifest.xml:265:17
	android:name
		ADDED from AndroidManifest.xml:265:25
intent-filter#android.intent.category.DEFAULT+android.nfc.action.NDEF_DISCOVERED
ADDED from AndroidManifest.xml:269:13
action#android.nfc.action.NDEF_DISCOVERED
ADDED from AndroidManifest.xml:270:17
	android:name
		ADDED from AndroidManifest.xml:270:25
provider#com.xiaomi.xms.sales.db.ShopProvider
ADDED from AndroidManifest.xml:276:9
	android:authorities
		ADDED from AndroidManifest.xml:278:13
	android:name
		ADDED from AndroidManifest.xml:277:13
service#com.xiaomi.xms.sales.ShopIntentService
ADDED from AndroidManifest.xml:280:9
	android:name
		ADDED from AndroidManifest.xml:280:18
service#com.xiaomi.xms.sales.UploadLogService
ADDED from AndroidManifest.xml:281:9
	android:name
		ADDED from AndroidManifest.xml:281:18
service#com.xiaomi.xms.sales.AsynExceptionOrderService
ADDED from AndroidManifest.xml:282:9
	android:name
		ADDED from AndroidManifest.xml:282:18
receiver#com.xiaomi.xms.sales.util.AppUpdater$DownloadCompletedReceiver
ADDED from AndroidManifest.xml:284:9
	android:name
		ADDED from AndroidManifest.xml:284:19
intent-filter#android.intent.action.DOWNLOAD_COMPLETE
ADDED from AndroidManifest.xml:285:13
action#android.intent.action.DOWNLOAD_COMPLETE
ADDED from AndroidManifest.xml:286:17
	android:name
		ADDED from AndroidManifest.xml:286:25
activity#com.xiaomi.xms.sales.ICUTestActivity
ADDED from AndroidManifest.xml:290:9
	android:label
		ADDED from AndroidManifest.xml:292:13
	android:name
		ADDED from AndroidManifest.xml:291:13